{
  service: 'user-service',
  level: 'error',
  message: 'Failed to database connection The `uri` parameter to `openUri()` must be a string, got "undefined". Make sure the first parameter to `mongoose.connect()` or `mongoose.createConnection()` is a string.',
  stack: 'MongooseError: The `uri` parameter to `openUri()` must be a string, got "undefined". Make sure the first parameter to `mongoose.connect()` or `mongoose.createConnection()` is a string.\n' +
    '    at _createMongoClient (C:\\Users\\WALTON\\Desktop\\lebel_2_assignment\\book-catalog-backend\\node_modules\\mongoose\\lib\\connection.js:805:11)\n' +
    '    at NativeConnection.openUri (C:\\Users\\WALTON\\Desktop\\lebel_2_assignment\\book-catalog-backend\\node_modules\\mongoose\\lib\\connection.js:742:29)\n' +
    '    at Mongoose.connect (C:\\Users\\WALTON\\Desktop\\lebel_2_assignment\\book-catalog-backend\\node_modules\\mongoose\\lib\\index.js:406:15)\n' +
    '    at C:\\Users\\WALTON\\Desktop\\lebel_2_assignment\\book-catalog-backend\\src\\server.ts:16:20\n' +
    '    at Generator.next (<anonymous>)\n' +
    '    at C:\\Users\\WALTON\\Desktop\\lebel_2_assignment\\book-catalog-backend\\src\\server.ts:8:71\n' +
    '    at new Promise (<anonymous>)\n' +
    '    at __awaiter (C:\\Users\\WALTON\\Desktop\\lebel_2_assignment\\book-catalog-backend\\src\\server.ts:4:12)\n' +
    '    at runningServer (C:\\Users\\WALTON\\Desktop\\lebel_2_assignment\\book-catalog-backend\\src\\server.ts:25:12)\n' +
    '    at Object.<anonymous> (C:\\Users\\WALTON\\Desktop\\lebel_2_assignment\\book-catalog-backend\\src\\server.ts:38:1)',
  label: 'PH',
  timestamp: '2023-07-15T16:20:53.445Z'
}
{
  service: 'user-service',
  ok: 0,
  code: 8000,
  codeName: 'AtlasError',
  connectionGeneration: 0,
  level: 'error',
  message: 'Failed to database connection bad auth : Authentication failed.',
  stack: 'MongoServerError: bad auth : Authentication failed.\n' +
    '    at Connection.onMessage (C:\\Users\\WALTON\\Desktop\\lebel_2_assignment\\book-catalog-backend\\node_modules\\mongodb\\src\\cmap\\connection.ts:413:18)\n' +
    '    at MessageStream.<anonymous> (C:\\Users\\WALTON\\Desktop\\lebel_2_assignment\\book-catalog-backend\\node_modules\\mongodb\\src\\cmap\\connection.ts:243:56)\n' +
    '    at MessageStream.emit (node:events:513:28)\n' +
    '    at processIncomingData (C:\\Users\\WALTON\\Desktop\\lebel_2_assignment\\book-catalog-backend\\node_modules\\mongodb\\src\\cmap\\message_stream.ts:187:12)\n' +
    '    at MessageStream._write (C:\\Users\\WALTON\\Desktop\\lebel_2_assignment\\book-catalog-backend\\node_modules\\mongodb\\src\\cmap\\message_stream.ts:68:5)\n' +
    '    at writeOrBuffer (node:internal/streams/writable:392:12)\n' +
    '    at _write (node:internal/streams/writable:333:10)\n' +
    '    at MessageStream.Writable.write (node:internal/streams/writable:337:10)\n' +
    '    at TLSSocket.ondata (node:internal/streams/readable:766:22)\n' +
    '    at TLSSocket.emit (node:events:513:28)',
  label: 'PH',
  timestamp: '2023-07-15T16:26:58.615Z',
  [Symbol(errorLabels)]: Set(2) { 'HandshakeError', 'ResetPool' }
}
